{"/home/ubuntu/nightingale-logger/lib/index.js":{"path":"/home/ubuntu/nightingale-logger/lib/index.js","s":{"1":1,"2":1,"3":1,"4":1,"5":1,"6":1,"7":1,"8":2,"9":1,"10":1,"11":0,"12":1,"13":0,"14":1,"15":1,"16":1,"17":0,"18":0,"19":0,"20":0,"21":0,"22":0,"23":0,"24":0,"25":0,"26":0,"27":0,"28":0,"29":0,"30":0,"31":0,"32":0,"33":0,"34":0,"35":0,"36":0,"37":0,"38":0,"39":0,"40":0,"41":0,"42":0,"43":0,"44":0,"45":0,"46":0,"47":0,"48":0,"49":0,"50":0,"51":0,"52":0,"53":0,"54":0,"55":0,"56":0,"57":0,"58":0,"59":0,"60":0,"61":0,"62":0,"63":0,"64":0,"65":0,"66":0,"67":0,"68":0,"69":0,"70":0,"71":0,"72":0,"73":0,"74":0,"75":0,"76":0,"77":0,"78":0,"79":0,"80":0,"81":0,"82":0,"83":0,"84":1},"b":{"1":[0,2],"2":[2,2],"3":[1,0],"4":[0,0],"5":[0,0],"6":[0,0],"7":[0,0],"8":[0,0],"9":[0,0],"10":[0,0],"11":[0,0],"12":[0,0],"13":[0,0],"14":[0,0],"15":[0,0],"16":[0,0],"17":[0,0],"18":[0,0],"19":[0,0],"20":[0,0],"21":[0,0],"22":[0,0],"23":[0,0],"24":[0,0]},"f":{"1":2,"2":0,"3":0,"4":1,"5":0,"6":0,"7":0,"8":0,"9":0,"10":0,"11":0,"12":0,"13":0,"14":0,"15":0,"16":0,"17":0,"18":0,"19":0,"20":0,"21":0,"22":0,"23":0,"24":0,"25":0,"26":0,"27":0},"fnMap":{"1":{"name":"_interopRequireDefault","line":20,"loc":{"start":{"line":20,"column":0},"end":{"line":20,"column":37}}},"2":{"name":"(anonymous_2)","line":25,"loc":{"start":{"line":25,"column":51},"end":{"line":25,"column":63}}},"3":{"name":"getConfigForLogger","line":33,"loc":{"start":{"line":33,"column":2},"end":{"line":33,"column":35}}},"4":{"name":"(anonymous_4)","line":49,"loc":{"start":{"line":49,"column":15},"end":{"line":49,"column":34}}},"5":{"name":"(anonymous_5)","line":54,"loc":{"start":{"line":54,"column":13},"end":{"line":54,"column":16}}},"6":{"name":"(anonymous_6)","line":65,"loc":{"start":{"line":65,"column":13},"end":{"line":65,"column":22}}},"7":{"name":"(anonymous_7)","line":92,"loc":{"start":{"line":92,"column":7},"end":{"line":92,"column":27}}},"8":{"name":"(anonymous_8)","line":128,"loc":{"start":{"line":128,"column":9},"end":{"line":128,"column":45}}},"9":{"name":"(anonymous_9)","line":140,"loc":{"start":{"line":140,"column":9},"end":{"line":140,"column":45}}},"10":{"name":"(anonymous_10)","line":152,"loc":{"start":{"line":152,"column":8},"end":{"line":152,"column":44}}},"11":{"name":"(anonymous_11)","line":164,"loc":{"start":{"line":164,"column":8},"end":{"line":164,"column":44}}},"12":{"name":"(anonymous_12)","line":176,"loc":{"start":{"line":176,"column":9},"end":{"line":176,"column":19}}},"13":{"name":"(anonymous_13)","line":195,"loc":{"start":{"line":195,"column":9},"end":{"line":195,"column":45}}},"14":{"name":"(anonymous_14)","line":207,"loc":{"start":{"line":207,"column":9},"end":{"line":207,"column":45}}},"15":{"name":"(anonymous_15)","line":219,"loc":{"start":{"line":219,"column":16},"end":{"line":219,"column":50}}},"16":{"name":"(anonymous_16)","line":235,"loc":{"start":{"line":235,"column":14},"end":{"line":235,"column":60}}},"17":{"name":"(anonymous_17)","line":248,"loc":{"start":{"line":248,"column":11},"end":{"line":248,"column":47}}},"18":{"name":"(anonymous_18)","line":260,"loc":{"start":{"line":260,"column":15},"end":{"line":260,"column":51}}},"19":{"name":"(anonymous_19)","line":276,"loc":{"start":{"line":276,"column":16},"end":{"line":276,"column":52}}},"20":{"name":"(anonymous_20)","line":292,"loc":{"start":{"line":292,"column":8},"end":{"line":292,"column":44}}},"21":{"name":"(anonymous_21)","line":304,"loc":{"start":{"line":304,"column":12},"end":{"line":304,"column":48}}},"22":{"name":"(anonymous_22)","line":320,"loc":{"start":{"line":320,"column":13},"end":{"line":320,"column":49}}},"23":{"name":"(anonymous_23)","line":331,"loc":{"start":{"line":331,"column":8},"end":{"line":331,"column":11}}},"24":{"name":"(anonymous_24)","line":346,"loc":{"start":{"line":346,"column":11},"end":{"line":346,"column":18}}},"25":{"name":"(anonymous_25)","line":378,"loc":{"start":{"line":378,"column":9},"end":{"line":378,"column":40}}},"26":{"name":"(anonymous_26)","line":400,"loc":{"start":{"line":400,"column":8},"end":{"line":400,"column":39}}},"27":{"name":"(anonymous_27)","line":422,"loc":{"start":{"line":422,"column":8},"end":{"line":422,"column":49}}}},"statementMap":{"1":{"start":{"line":3,"column":0},"end":{"line":5,"column":3}},"2":{"start":{"line":6,"column":0},"end":{"line":6,"column":28}},"3":{"start":{"line":8,"column":0},"end":{"line":8,"column":28}},"4":{"start":{"line":10,"column":0},"end":{"line":10,"column":43}},"5":{"start":{"line":12,"column":0},"end":{"line":12,"column":55}},"6":{"start":{"line":14,"column":0},"end":{"line":14,"column":69}},"7":{"start":{"line":20,"column":0},"end":{"line":20,"column":95}},"8":{"start":{"line":20,"column":39},"end":{"line":20,"column":93}},"9":{"start":{"line":22,"column":0},"end":{"line":28,"column":1}},"10":{"start":{"line":23,"column":4},"end":{"line":27,"column":6}},"11":{"start":{"line":26,"column":8},"end":{"line":26,"column":48}},"12":{"start":{"line":33,"column":2},"end":{"line":35,"column":1}},"13":{"start":{"line":34,"column":4},"end":{"line":34,"column":59}},"14":{"start":{"line":41,"column":0},"end":{"line":435,"column":2}},"15":{"start":{"line":50,"column":8},"end":{"line":50,"column":23}},"16":{"start":{"line":51,"column":8},"end":{"line":51,"column":39}},"17":{"start":{"line":55,"column":8},"end":{"line":55,"column":44}},"18":{"start":{"line":66,"column":8},"end":{"line":66,"column":42}},"19":{"start":{"line":68,"column":8},"end":{"line":68,"column":43}},"20":{"start":{"line":69,"column":8},"end":{"line":69,"column":47}},"21":{"start":{"line":71,"column":8},"end":{"line":71,"column":80}},"22":{"start":{"line":71,"column":46},"end":{"line":71,"column":78}},"23":{"start":{"line":72,"column":8},"end":{"line":74,"column":9}},"24":{"start":{"line":73,"column":12},"end":{"line":73,"column":19}},"25":{"start":{"line":76,"column":8},"end":{"line":78,"column":9}},"26":{"start":{"line":77,"column":12},"end":{"line":77,"column":75}},"27":{"start":{"line":77,"column":42},"end":{"line":77,"column":73}},"28":{"start":{"line":80,"column":8},"end":{"line":80,"column":67}},"29":{"start":{"line":80,"column":33},"end":{"line":80,"column":65}},"30":{"start":{"line":93,"column":8},"end":{"line":93,"column":122}},"31":{"start":{"line":94,"column":8},"end":{"line":94,"column":101}},"32":{"start":{"line":96,"column":8},"end":{"line":96,"column":51}},"33":{"start":{"line":97,"column":8},"end":{"line":99,"column":9}},"34":{"start":{"line":98,"column":12},"end":{"line":98,"column":36}},"35":{"start":{"line":101,"column":8},"end":{"line":110,"column":10}},"36":{"start":{"line":112,"column":8},"end":{"line":114,"column":9}},"37":{"start":{"line":113,"column":12},"end":{"line":113,"column":52}},"38":{"start":{"line":116,"column":8},"end":{"line":116,"column":31}},"39":{"start":{"line":117,"column":8},"end":{"line":117,"column":20}},"40":{"start":{"line":129,"column":8},"end":{"line":129,"column":114}},"41":{"start":{"line":141,"column":8},"end":{"line":141,"column":114}},"42":{"start":{"line":153,"column":8},"end":{"line":153,"column":113}},"43":{"start":{"line":165,"column":8},"end":{"line":165,"column":113}},"44":{"start":{"line":177,"column":8},"end":{"line":177,"column":95}},"45":{"start":{"line":178,"column":8},"end":{"line":178,"column":42}},"46":{"start":{"line":180,"column":8},"end":{"line":183,"column":9}},"47":{"start":{"line":181,"column":12},"end":{"line":181,"column":37}},"48":{"start":{"line":182,"column":12},"end":{"line":182,"column":78}},"49":{"start":{"line":184,"column":8},"end":{"line":184,"column":114}},"50":{"start":{"line":196,"column":8},"end":{"line":196,"column":114}},"51":{"start":{"line":208,"column":8},"end":{"line":208,"column":114}},"52":{"start":{"line":222,"column":8},"end":{"line":222,"column":60}},"53":{"start":{"line":223,"column":8},"end":{"line":223,"column":130}},"54":{"start":{"line":236,"column":8},"end":{"line":236,"column":66}},"55":{"start":{"line":237,"column":8},"end":{"line":237,"column":155}},"56":{"start":{"line":249,"column":8},"end":{"line":249,"column":67}},"57":{"start":{"line":261,"column":8},"end":{"line":265,"column":11}},"58":{"start":{"line":277,"column":8},"end":{"line":281,"column":11}},"59":{"start":{"line":293,"column":8},"end":{"line":293,"column":67}},"60":{"start":{"line":305,"column":8},"end":{"line":309,"column":11}},"61":{"start":{"line":321,"column":8},"end":{"line":325,"column":11}},"62":{"start":{"line":332,"column":8},"end":{"line":332,"column":26}},"63":{"start":{"line":347,"column":8},"end":{"line":347,"column":94}},"64":{"start":{"line":348,"column":8},"end":{"line":348,"column":95}},"65":{"start":{"line":349,"column":8},"end":{"line":349,"column":42}},"66":{"start":{"line":351,"column":8},"end":{"line":351,"column":31}},"67":{"start":{"line":353,"column":8},"end":{"line":353,"column":36}},"68":{"start":{"line":354,"column":8},"end":{"line":354,"column":71}},"69":{"start":{"line":355,"column":8},"end":{"line":355,"column":45}},"70":{"start":{"line":357,"column":8},"end":{"line":357,"column":35}},"71":{"start":{"line":358,"column":8},"end":{"line":358,"column":106}},"72":{"start":{"line":359,"column":8},"end":{"line":359,"column":107}},"73":{"start":{"line":379,"column":8},"end":{"line":379,"column":127}},"74":{"start":{"line":401,"column":8},"end":{"line":401,"column":126}},"75":{"start":{"line":423,"column":8},"end":{"line":429,"column":9}},"76":{"start":{"line":424,"column":12},"end":{"line":424,"column":32}},"77":{"start":{"line":425,"column":12},"end":{"line":425,"column":33}},"78":{"start":{"line":426,"column":15},"end":{"line":429,"column":9}},"79":{"start":{"line":427,"column":12},"end":{"line":427,"column":38}},"80":{"start":{"line":428,"column":12},"end":{"line":428,"column":39}},"81":{"start":{"line":431,"column":8},"end":{"line":431,"column":49}},"82":{"start":{"line":432,"column":8},"end":{"line":432,"column":19}},"83":{"start":{"line":433,"column":8},"end":{"line":433,"column":22}},"84":{"start":{"line":436,"column":0},"end":{"line":436,"column":25}}},"branchMap":{"1":{"line":20,"type":"cond-expr","locations":[{"start":{"line":20,"column":70},"end":{"line":20,"column":73}},{"start":{"line":20,"column":76},"end":{"line":20,"column":92}}]},"2":{"line":20,"type":"binary-expr","locations":[{"start":{"line":20,"column":46},"end":{"line":20,"column":49}},{"start":{"line":20,"column":53},"end":{"line":20,"column":67}}]},"3":{"line":22,"type":"if","locations":[{"start":{"line":22,"column":0},"end":{"line":22,"column":0}},{"start":{"line":22,"column":0},"end":{"line":22,"column":0}}]},"4":{"line":72,"type":"if","locations":[{"start":{"line":72,"column":8},"end":{"line":72,"column":8}},{"start":{"line":72,"column":8},"end":{"line":72,"column":8}}]},"5":{"line":76,"type":"if","locations":[{"start":{"line":76,"column":8},"end":{"line":76,"column":8}},{"start":{"line":76,"column":8},"end":{"line":76,"column":8}}]},"6":{"line":93,"type":"cond-expr","locations":[{"start":{"line":93,"column":74},"end":{"line":93,"column":106}},{"start":{"line":93,"column":109},"end":{"line":93,"column":121}}]},"7":{"line":93,"type":"binary-expr","locations":[{"start":{"line":93,"column":20},"end":{"line":93,"column":41}},{"start":{"line":93,"column":45},"end":{"line":93,"column":71}}]},"8":{"line":94,"type":"cond-expr","locations":[{"start":{"line":94,"column":76},"end":{"line":94,"column":85}},{"start":{"line":94,"column":88},"end":{"line":94,"column":100}}]},"9":{"line":94,"type":"binary-expr","locations":[{"start":{"line":94,"column":22},"end":{"line":94,"column":43}},{"start":{"line":94,"column":47},"end":{"line":94,"column":73}}]},"10":{"line":96,"type":"binary-expr","locations":[{"start":{"line":96,"column":22},"end":{"line":96,"column":30}},{"start":{"line":96,"column":34},"end":{"line":96,"column":50}}]},"11":{"line":97,"type":"if","locations":[{"start":{"line":97,"column":8},"end":{"line":97,"column":8}},{"start":{"line":97,"column":8},"end":{"line":97,"column":8}}]},"12":{"line":112,"type":"if","locations":[{"start":{"line":112,"column":8},"end":{"line":112,"column":8}},{"start":{"line":112,"column":8},"end":{"line":112,"column":8}}]},"13":{"line":177,"type":"cond-expr","locations":[{"start":{"line":177,"column":77},"end":{"line":177,"column":79}},{"start":{"line":177,"column":82},"end":{"line":177,"column":94}}]},"14":{"line":177,"type":"binary-expr","locations":[{"start":{"line":177,"column":23},"end":{"line":177,"column":44}},{"start":{"line":177,"column":48},"end":{"line":177,"column":74}}]},"15":{"line":180,"type":"if","locations":[{"start":{"line":180,"column":8},"end":{"line":180,"column":8}},{"start":{"line":180,"column":8},"end":{"line":180,"column":8}}]},"16":{"line":347,"type":"cond-expr","locations":[{"start":{"line":347,"column":76},"end":{"line":347,"column":78}},{"start":{"line":347,"column":81},"end":{"line":347,"column":93}}]},"17":{"line":347,"type":"binary-expr","locations":[{"start":{"line":347,"column":22},"end":{"line":347,"column":43}},{"start":{"line":347,"column":47},"end":{"line":347,"column":73}}]},"18":{"line":348,"type":"cond-expr","locations":[{"start":{"line":348,"column":77},"end":{"line":348,"column":79}},{"start":{"line":348,"column":82},"end":{"line":348,"column":94}}]},"19":{"line":348,"type":"binary-expr","locations":[{"start":{"line":348,"column":23},"end":{"line":348,"column":44}},{"start":{"line":348,"column":48},"end":{"line":348,"column":74}}]},"20":{"line":354,"type":"binary-expr","locations":[{"start":{"line":354,"column":24},"end":{"line":354,"column":39}},{"start":{"line":354,"column":43},"end":{"line":354,"column":70}}]},"21":{"line":358,"type":"cond-expr","locations":[{"start":{"line":358,"column":32},"end":{"line":358,"column":48}},{"start":{"line":358,"column":51},"end":{"line":358,"column":53}}]},"22":{"line":358,"type":"cond-expr","locations":[{"start":{"line":358,"column":68},"end":{"line":358,"column":88}},{"start":{"line":358,"column":91},"end":{"line":358,"column":93}}]},"23":{"line":423,"type":"if","locations":[{"start":{"line":423,"column":8},"end":{"line":423,"column":8}},{"start":{"line":423,"column":8},"end":{"line":423,"column":8}}]},"24":{"line":426,"type":"if","locations":[{"start":{"line":426,"column":15},"end":{"line":426,"column":15}},{"start":{"line":426,"column":15},"end":{"line":426,"column":15}}]}}}}