{"/home/ubuntu/nightingale-logger/index.js":{"path":"/home/ubuntu/nightingale-logger/index.js","s":{"1":1,"2":1,"3":1,"4":0},"b":{"1":[1,0],"2":[1,1],"3":[1,0],"4":[0,0]},"f":{},"fnMap":{},"statementMap":{"1":{"start":{"line":1,"column":0},"end":{"line":1,"column":55}},"2":{"start":{"line":2,"column":0},"end":{"line":3,"column":86}},"3":{"start":{"line":3,"column":4},"end":{"line":3,"column":86}},"4":{"start":{"line":4,"column":0},"end":{"line":4,"column":87}}},"branchMap":{"1":{"line":2,"type":"if","locations":[{"start":{"line":2,"column":0},"end":{"line":2,"column":0}},{"start":{"line":2,"column":0},"end":{"line":2,"column":0}}]},"2":{"line":2,"type":"binary-expr","locations":[{"start":{"line":2,"column":4},"end":{"line":2,"column":30}},{"start":{"line":2,"column":34},"end":{"line":2,"column":67}}]},"3":{"line":3,"type":"cond-expr","locations":[{"start":{"line":3,"column":66},"end":{"line":3,"column":68}},{"start":{"line":3,"column":71},"end":{"line":3,"column":77}}]},"4":{"line":4,"type":"cond-expr","locations":[{"start":{"line":4,"column":67},"end":{"line":4,"column":69}},{"start":{"line":4,"column":72},"end":{"line":4,"column":78}}]}}},"/home/ubuntu/nightingale-logger/lib-node6/index.js":{"path":"/home/ubuntu/nightingale-logger/lib-node6/index.js","s":{"1":1,"2":1,"3":0,"4":0,"5":0,"6":0,"7":0,"8":0,"9":1,"10":1,"11":1,"12":1,"13":1,"14":2,"15":1,"16":1,"17":0,"18":1,"19":0,"20":1,"21":1,"22":0,"23":0,"24":0,"25":0,"26":0,"27":0,"28":0,"29":0,"30":0,"31":0,"32":0,"33":0,"34":0,"35":0,"36":0,"37":0,"38":0,"39":0,"40":0,"41":0,"42":0,"43":0,"44":0,"45":0,"46":0,"47":0,"48":0,"49":0,"50":0,"51":0,"52":0,"53":0,"54":0,"55":0,"56":0,"57":0,"58":0,"59":0,"60":0,"61":0,"62":0,"63":0,"64":0,"65":0,"66":0,"67":0,"68":0,"69":0,"70":0,"71":0,"72":0,"73":0,"74":0,"75":0,"76":0,"77":0,"78":0,"79":0,"80":0,"81":0,"82":0,"83":0,"84":0,"85":0,"86":0,"87":0,"88":0,"89":0,"90":0,"91":0,"92":0,"93":0,"94":0,"95":0,"96":0,"97":0,"98":0,"99":0,"100":0,"101":0,"102":0,"103":0,"104":0,"105":0,"106":0,"107":0,"108":0,"109":0,"110":1},"b":{"1":[1,0],"2":[0,0],"3":[0,2],"4":[2,2],"5":[1,0],"6":[0,0],"7":[0,0],"8":[0,0],"9":[0,0],"10":[0,0],"11":[0,0],"12":[0,0],"13":[0,0],"14":[0,0],"15":[0,0],"16":[0,0],"17":[0,0],"18":[0,0],"19":[0,0],"20":[0,0],"21":[0,0],"22":[0,0],"23":[0,0],"24":[0,0],"25":[0,0],"26":[0,0],"27":[0,0],"28":[0,0],"29":[0,0],"30":[0,0],"31":[0,0],"32":[0,0],"33":[0,0]},"f":{"1":0,"2":2,"3":0,"4":0,"5":1,"6":0,"7":0,"8":0,"9":0,"10":0,"11":0,"12":0,"13":0,"14":0,"15":0,"16":0,"17":0,"18":0,"19":0,"20":0,"21":0,"22":0,"23":0,"24":0,"25":0,"26":0,"27":0,"28":0,"29":0,"30":0,"31":0,"32":0,"33":0,"34":0,"35":0},"fnMap":{"1":{"name":"(anonymous_1)","line":7,"loc":{"start":{"line":7,"column":32},"end":{"line":7,"column":50}}},"2":{"name":"_interopRequireDefault","line":17,"loc":{"start":{"line":17,"column":0},"end":{"line":17,"column":37}}},"3":{"name":"(anonymous_3)","line":20,"loc":{"start":{"line":20,"column":47},"end":{"line":20,"column":59}}},"4":{"name":"getConfigForLogger","line":26,"loc":{"start":{"line":26,"column":0},"end":{"line":26,"column":33}}},"5":{"name":"(anonymous_5)","line":42,"loc":{"start":{"line":42,"column":13},"end":{"line":42,"column":32}}},"6":{"name":"(anonymous_6)","line":47,"loc":{"start":{"line":47,"column":11},"end":{"line":47,"column":14}}},"7":{"name":"(anonymous_7)","line":58,"loc":{"start":{"line":58,"column":7},"end":{"line":58,"column":42}}},"8":{"name":"(anonymous_8)","line":77,"loc":{"start":{"line":77,"column":9},"end":{"line":77,"column":19}}},"9":{"name":"(anonymous_9)","line":88,"loc":{"start":{"line":88,"column":12},"end":{"line":88,"column":22}}},"10":{"name":"(anonymous_10)","line":97,"loc":{"start":{"line":97,"column":16},"end":{"line":97,"column":34}}},"11":{"name":"(anonymous_11)","line":108,"loc":{"start":{"line":108,"column":11},"end":{"line":108,"column":20}}},"12":{"name":"(anonymous_12)","line":142,"loc":{"start":{"line":142,"column":5},"end":{"line":142,"column":25}}},"13":{"name":"(anonymous_13)","line":178,"loc":{"start":{"line":178,"column":7},"end":{"line":178,"column":43}}},"14":{"name":"(anonymous_14)","line":190,"loc":{"start":{"line":190,"column":7},"end":{"line":190,"column":43}}},"15":{"name":"(anonymous_15)","line":202,"loc":{"start":{"line":202,"column":6},"end":{"line":202,"column":42}}},"16":{"name":"(anonymous_16)","line":214,"loc":{"start":{"line":214,"column":6},"end":{"line":214,"column":42}}},"17":{"name":"(anonymous_17)","line":226,"loc":{"start":{"line":226,"column":7},"end":{"line":226,"column":17}}},"18":{"name":"(anonymous_18)","line":245,"loc":{"start":{"line":245,"column":7},"end":{"line":245,"column":43}}},"19":{"name":"(anonymous_19)","line":257,"loc":{"start":{"line":257,"column":7},"end":{"line":257,"column":43}}},"20":{"name":"(anonymous_20)","line":269,"loc":{"start":{"line":269,"column":14},"end":{"line":269,"column":48}}},"21":{"name":"(anonymous_21)","line":285,"loc":{"start":{"line":285,"column":12},"end":{"line":285,"column":58}}},"22":{"name":"(anonymous_22)","line":298,"loc":{"start":{"line":298,"column":9},"end":{"line":298,"column":45}}},"23":{"name":"(anonymous_23)","line":310,"loc":{"start":{"line":310,"column":13},"end":{"line":310,"column":49}}},"24":{"name":"(anonymous_24)","line":326,"loc":{"start":{"line":326,"column":14},"end":{"line":326,"column":50}}},"25":{"name":"(anonymous_25)","line":342,"loc":{"start":{"line":342,"column":6},"end":{"line":342,"column":42}}},"26":{"name":"(anonymous_26)","line":354,"loc":{"start":{"line":354,"column":10},"end":{"line":354,"column":46}}},"27":{"name":"(anonymous_27)","line":370,"loc":{"start":{"line":370,"column":11},"end":{"line":370,"column":47}}},"28":{"name":"(anonymous_28)","line":385,"loc":{"start":{"line":385,"column":6},"end":{"line":385,"column":42}}},"29":{"name":"(anonymous_29)","line":395,"loc":{"start":{"line":395,"column":10},"end":{"line":395,"column":46}}},"30":{"name":"(anonymous_30)","line":411,"loc":{"start":{"line":411,"column":9},"end":{"line":411,"column":25}}},"31":{"name":"(anonymous_31)","line":436,"loc":{"start":{"line":436,"column":13},"end":{"line":436,"column":55}}},"32":{"name":"(anonymous_32)","line":443,"loc":{"start":{"line":443,"column":20},"end":{"line":443,"column":62}}},"33":{"name":"(anonymous_33)","line":466,"loc":{"start":{"line":466,"column":7},"end":{"line":466,"column":12}}},"34":{"name":"(anonymous_34)","line":494,"loc":{"start":{"line":494,"column":6},"end":{"line":494,"column":37}}},"35":{"name":"(anonymous_35)","line":519,"loc":{"start":{"line":519,"column":6},"end":{"line":519,"column":47}}}},"statementMap":{"1":{"start":{"line":3,"column":0},"end":{"line":5,"column":3}},"2":{"start":{"line":7,"column":0},"end":{"line":7,"column":257}},"3":{"start":{"line":7,"column":52},"end":{"line":7,"column":239}},"4":{"start":{"line":7,"column":97},"end":{"line":7,"column":123}},"5":{"start":{"line":7,"column":124},"end":{"line":7,"column":237}},"6":{"start":{"line":7,"column":150},"end":{"line":7,"column":235}},"7":{"start":{"line":7,"column":207},"end":{"line":7,"column":233}},"8":{"start":{"line":7,"column":240},"end":{"line":7,"column":254}},"9":{"start":{"line":9,"column":0},"end":{"line":9,"column":28}},"10":{"start":{"line":11,"column":0},"end":{"line":11,"column":43}},"11":{"start":{"line":13,"column":0},"end":{"line":13,"column":55}},"12":{"start":{"line":15,"column":0},"end":{"line":15,"column":69}},"13":{"start":{"line":17,"column":0},"end":{"line":17,"column":95}},"14":{"start":{"line":17,"column":39},"end":{"line":17,"column":93}},"15":{"start":{"line":19,"column":0},"end":{"line":23,"column":1}},"16":{"start":{"line":20,"column":2},"end":{"line":22,"column":4}},"17":{"start":{"line":21,"column":4},"end":{"line":21,"column":44}},"18":{"start":{"line":26,"column":0},"end":{"line":28,"column":1}},"19":{"start":{"line":27,"column":2},"end":{"line":27,"column":57}},"20":{"start":{"line":43,"column":4},"end":{"line":43,"column":19}},"21":{"start":{"line":44,"column":4},"end":{"line":44,"column":35}},"22":{"start":{"line":48,"column":4},"end":{"line":48,"column":40}},"23":{"start":{"line":59,"column":4},"end":{"line":59,"column":77}},"24":{"start":{"line":78,"column":4},"end":{"line":78,"column":40}},"25":{"start":{"line":79,"column":4},"end":{"line":79,"column":31}},"26":{"start":{"line":80,"column":4},"end":{"line":80,"column":18}},"27":{"start":{"line":89,"column":4},"end":{"line":89,"column":28}},"28":{"start":{"line":98,"column":4},"end":{"line":98,"column":50}},"29":{"start":{"line":109,"column":4},"end":{"line":109,"column":38}},"30":{"start":{"line":111,"column":4},"end":{"line":111,"column":39}},"31":{"start":{"line":112,"column":4},"end":{"line":112,"column":43}},"32":{"start":{"line":114,"column":4},"end":{"line":114,"column":86}},"33":{"start":{"line":114,"column":42},"end":{"line":114,"column":84}},"34":{"start":{"line":115,"column":4},"end":{"line":124,"column":5}},"35":{"start":{"line":116,"column":6},"end":{"line":122,"column":7}},"36":{"start":{"line":118,"column":8},"end":{"line":121,"column":11}},"37":{"start":{"line":123,"column":6},"end":{"line":123,"column":13}},"38":{"start":{"line":126,"column":4},"end":{"line":128,"column":5}},"39":{"start":{"line":127,"column":6},"end":{"line":127,"column":69}},"40":{"start":{"line":127,"column":36},"end":{"line":127,"column":67}},"41":{"start":{"line":130,"column":4},"end":{"line":130,"column":63}},"42":{"start":{"line":130,"column":29},"end":{"line":130,"column":61}},"43":{"start":{"line":143,"column":4},"end":{"line":143,"column":117}},"44":{"start":{"line":144,"column":4},"end":{"line":144,"column":96}},"45":{"start":{"line":146,"column":4},"end":{"line":146,"column":47}},"46":{"start":{"line":147,"column":4},"end":{"line":149,"column":5}},"47":{"start":{"line":148,"column":6},"end":{"line":148,"column":30}},"48":{"start":{"line":151,"column":4},"end":{"line":160,"column":6}},"49":{"start":{"line":162,"column":4},"end":{"line":164,"column":5}},"50":{"start":{"line":163,"column":6},"end":{"line":163,"column":46}},"51":{"start":{"line":166,"column":4},"end":{"line":166,"column":27}},"52":{"start":{"line":167,"column":4},"end":{"line":167,"column":16}},"53":{"start":{"line":179,"column":4},"end":{"line":179,"column":94}},"54":{"start":{"line":191,"column":4},"end":{"line":191,"column":94}},"55":{"start":{"line":203,"column":4},"end":{"line":203,"column":93}},"56":{"start":{"line":215,"column":4},"end":{"line":215,"column":93}},"57":{"start":{"line":227,"column":4},"end":{"line":227,"column":90}},"58":{"start":{"line":228,"column":4},"end":{"line":228,"column":38}},"59":{"start":{"line":230,"column":4},"end":{"line":233,"column":5}},"60":{"start":{"line":231,"column":6},"end":{"line":231,"column":31}},"61":{"start":{"line":232,"column":6},"end":{"line":232,"column":72}},"62":{"start":{"line":234,"column":4},"end":{"line":234,"column":94}},"63":{"start":{"line":246,"column":4},"end":{"line":246,"column":94}},"64":{"start":{"line":258,"column":4},"end":{"line":258,"column":94}},"65":{"start":{"line":272,"column":4},"end":{"line":272,"column":56}},"66":{"start":{"line":273,"column":4},"end":{"line":273,"column":110}},"67":{"start":{"line":286,"column":4},"end":{"line":286,"column":62}},"68":{"start":{"line":287,"column":4},"end":{"line":287,"column":135}},"69":{"start":{"line":299,"column":4},"end":{"line":299,"column":63}},"70":{"start":{"line":311,"column":4},"end":{"line":315,"column":7}},"71":{"start":{"line":327,"column":4},"end":{"line":331,"column":7}},"72":{"start":{"line":343,"column":4},"end":{"line":343,"column":60}},"73":{"start":{"line":355,"column":4},"end":{"line":359,"column":7}},"74":{"start":{"line":371,"column":4},"end":{"line":375,"column":7}},"75":{"start":{"line":386,"column":4},"end":{"line":386,"column":118}},"76":{"start":{"line":388,"column":4},"end":{"line":390,"column":5}},"77":{"start":{"line":389,"column":6},"end":{"line":389,"column":61}},"78":{"start":{"line":392,"column":4},"end":{"line":392,"column":22}},"79":{"start":{"line":396,"column":4},"end":{"line":396,"column":90}},"80":{"start":{"line":412,"column":4},"end":{"line":412,"column":90}},"81":{"start":{"line":413,"column":4},"end":{"line":413,"column":38}},"82":{"start":{"line":414,"column":4},"end":{"line":414,"column":118}},"83":{"start":{"line":415,"column":4},"end":{"line":415,"column":31}},"84":{"start":{"line":417,"column":4},"end":{"line":417,"column":27}},"85":{"start":{"line":419,"column":4},"end":{"line":419,"column":32}},"86":{"start":{"line":421,"column":4},"end":{"line":427,"column":5}},"87":{"start":{"line":422,"column":6},"end":{"line":422,"column":48}},"88":{"start":{"line":424,"column":6},"end":{"line":424,"column":69}},"89":{"start":{"line":425,"column":6},"end":{"line":425,"column":43}},"90":{"start":{"line":426,"column":6},"end":{"line":426,"column":82}},"91":{"start":{"line":429,"column":4},"end":{"line":429,"column":31}},"92":{"start":{"line":430,"column":4},"end":{"line":430,"column":82}},"93":{"start":{"line":437,"column":4},"end":{"line":437,"column":99}},"94":{"start":{"line":444,"column":4},"end":{"line":447,"column":7}},"95":{"start":{"line":467,"column":4},"end":{"line":467,"column":90}},"96":{"start":{"line":468,"column":4},"end":{"line":468,"column":38}},"97":{"start":{"line":470,"column":4},"end":{"line":472,"column":17}},"98":{"start":{"line":473,"column":4},"end":{"line":473,"column":94}},"99":{"start":{"line":495,"column":4},"end":{"line":497,"column":17}},"100":{"start":{"line":498,"column":4},"end":{"line":498,"column":93}},"101":{"start":{"line":520,"column":4},"end":{"line":526,"column":5}},"102":{"start":{"line":521,"column":6},"end":{"line":521,"column":26}},"103":{"start":{"line":522,"column":6},"end":{"line":522,"column":27}},"104":{"start":{"line":523,"column":11},"end":{"line":526,"column":5}},"105":{"start":{"line":524,"column":6},"end":{"line":524,"column":32}},"106":{"start":{"line":525,"column":6},"end":{"line":525,"column":33}},"107":{"start":{"line":528,"column":4},"end":{"line":528,"column":45}},"108":{"start":{"line":529,"column":4},"end":{"line":529,"column":15}},"109":{"start":{"line":530,"column":4},"end":{"line":530,"column":18}},"110":{"start":{"line":533,"column":0},"end":{"line":533,"column":25}}},"branchMap":{"1":{"line":7,"type":"binary-expr","locations":[{"start":{"line":7,"column":15},"end":{"line":7,"column":28}},{"start":{"line":7,"column":32},"end":{"line":7,"column":256}}]},"2":{"line":7,"type":"if","locations":[{"start":{"line":7,"column":150},"end":{"line":7,"column":150}},{"start":{"line":7,"column":150},"end":{"line":7,"column":150}}]},"3":{"line":17,"type":"cond-expr","locations":[{"start":{"line":17,"column":70},"end":{"line":17,"column":73}},{"start":{"line":17,"column":76},"end":{"line":17,"column":92}}]},"4":{"line":17,"type":"binary-expr","locations":[{"start":{"line":17,"column":46},"end":{"line":17,"column":49}},{"start":{"line":17,"column":53},"end":{"line":17,"column":67}}]},"5":{"line":19,"type":"if","locations":[{"start":{"line":19,"column":0},"end":{"line":19,"column":0}},{"start":{"line":19,"column":0},"end":{"line":19,"column":0}}]},"6":{"line":115,"type":"if","locations":[{"start":{"line":115,"column":4},"end":{"line":115,"column":4}},{"start":{"line":115,"column":4},"end":{"line":115,"column":4}}]},"7":{"line":116,"type":"if","locations":[{"start":{"line":116,"column":6},"end":{"line":116,"column":6}},{"start":{"line":116,"column":6},"end":{"line":116,"column":6}}]},"8":{"line":126,"type":"if","locations":[{"start":{"line":126,"column":4},"end":{"line":126,"column":4}},{"start":{"line":126,"column":4},"end":{"line":126,"column":4}}]},"9":{"line":143,"type":"cond-expr","locations":[{"start":{"line":143,"column":69},"end":{"line":143,"column":81}},{"start":{"line":143,"column":84},"end":{"line":143,"column":116}}]},"10":{"line":143,"type":"binary-expr","locations":[{"start":{"line":143,"column":16},"end":{"line":143,"column":36}},{"start":{"line":143,"column":40},"end":{"line":143,"column":66}}]},"11":{"line":144,"type":"cond-expr","locations":[{"start":{"line":144,"column":71},"end":{"line":144,"column":83}},{"start":{"line":144,"column":86},"end":{"line":144,"column":95}}]},"12":{"line":144,"type":"binary-expr","locations":[{"start":{"line":144,"column":18},"end":{"line":144,"column":38}},{"start":{"line":144,"column":42},"end":{"line":144,"column":68}}]},"13":{"line":146,"type":"binary-expr","locations":[{"start":{"line":146,"column":18},"end":{"line":146,"column":26}},{"start":{"line":146,"column":30},"end":{"line":146,"column":46}}]},"14":{"line":147,"type":"if","locations":[{"start":{"line":147,"column":4},"end":{"line":147,"column":4}},{"start":{"line":147,"column":4},"end":{"line":147,"column":4}}]},"15":{"line":157,"type":"binary-expr","locations":[{"start":{"line":157,"column":15},"end":{"line":157,"column":22}},{"start":{"line":157,"column":26},"end":{"line":157,"column":39}}]},"16":{"line":162,"type":"if","locations":[{"start":{"line":162,"column":4},"end":{"line":162,"column":4}},{"start":{"line":162,"column":4},"end":{"line":162,"column":4}}]},"17":{"line":227,"type":"cond-expr","locations":[{"start":{"line":227,"column":72},"end":{"line":227,"column":84}},{"start":{"line":227,"column":87},"end":{"line":227,"column":89}}]},"18":{"line":227,"type":"binary-expr","locations":[{"start":{"line":227,"column":19},"end":{"line":227,"column":39}},{"start":{"line":227,"column":43},"end":{"line":227,"column":69}}]},"19":{"line":230,"type":"if","locations":[{"start":{"line":230,"column":4},"end":{"line":230,"column":4}},{"start":{"line":230,"column":4},"end":{"line":230,"column":4}}]},"20":{"line":386,"type":"cond-expr","locations":[{"start":{"line":386,"column":69},"end":{"line":386,"column":81}},{"start":{"line":386,"column":84},"end":{"line":386,"column":117}}]},"21":{"line":386,"type":"binary-expr","locations":[{"start":{"line":386,"column":16},"end":{"line":386,"column":36}},{"start":{"line":386,"column":40},"end":{"line":386,"column":66}}]},"22":{"line":388,"type":"if","locations":[{"start":{"line":388,"column":4},"end":{"line":388,"column":4}},{"start":{"line":388,"column":4},"end":{"line":388,"column":4}}]},"23":{"line":412,"type":"cond-expr","locations":[{"start":{"line":412,"column":72},"end":{"line":412,"column":84}},{"start":{"line":412,"column":87},"end":{"line":412,"column":89}}]},"24":{"line":412,"type":"binary-expr","locations":[{"start":{"line":412,"column":19},"end":{"line":412,"column":39}},{"start":{"line":412,"column":43},"end":{"line":412,"column":69}}]},"25":{"line":414,"type":"cond-expr","locations":[{"start":{"line":414,"column":69},"end":{"line":414,"column":81}},{"start":{"line":414,"column":84},"end":{"line":414,"column":117}}]},"26":{"line":414,"type":"binary-expr","locations":[{"start":{"line":414,"column":16},"end":{"line":414,"column":36}},{"start":{"line":414,"column":40},"end":{"line":414,"column":66}}]},"27":{"line":421,"type":"if","locations":[{"start":{"line":421,"column":4},"end":{"line":421,"column":4}},{"start":{"line":421,"column":4},"end":{"line":421,"column":4}}]},"28":{"line":424,"type":"binary-expr","locations":[{"start":{"line":424,"column":22},"end":{"line":424,"column":37}},{"start":{"line":424,"column":41},"end":{"line":424,"column":68}}]},"29":{"line":426,"type":"cond-expr","locations":[{"start":{"line":426,"column":44},"end":{"line":426,"column":64}},{"start":{"line":426,"column":67},"end":{"line":426,"column":69}}]},"30":{"line":467,"type":"cond-expr","locations":[{"start":{"line":467,"column":72},"end":{"line":467,"column":84}},{"start":{"line":467,"column":87},"end":{"line":467,"column":89}}]},"31":{"line":467,"type":"binary-expr","locations":[{"start":{"line":467,"column":19},"end":{"line":467,"column":39}},{"start":{"line":467,"column":43},"end":{"line":467,"column":69}}]},"32":{"line":520,"type":"if","locations":[{"start":{"line":520,"column":4},"end":{"line":520,"column":4}},{"start":{"line":520,"column":4},"end":{"line":520,"column":4}}]},"33":{"line":523,"type":"if","locations":[{"start":{"line":523,"column":11},"end":{"line":523,"column":11}},{"start":{"line":523,"column":11},"end":{"line":523,"column":11}}]}}}}