TN:
SF:/home/ubuntu/nightingale-logger/index.js
FNF:0
FNH:0
DA:1,1
DA:2,1
DA:3,1
DA:4,0
LF:4
LH:3
BRDA:2,1,0,1
BRDA:2,1,1,0
BRDA:2,2,0,1
BRDA:2,2,1,1
BRDA:3,3,0,1
BRDA:3,3,1,0
BRDA:4,4,0,0
BRDA:4,4,1,0
BRF:8
BRH:4
end_of_record
TN:
SF:/home/ubuntu/nightingale-logger/lib-node6/index.js
FN:7,(anonymous_1)
FN:17,_interopRequireDefault
FN:20,(anonymous_3)
FN:26,getConfigForLoggerRecord
FN:42,(anonymous_5)
FN:48,(anonymous_6)
FN:53,(anonymous_7)
FN:64,(anonymous_8)
FN:83,(anonymous_9)
FN:94,(anonymous_10)
FN:103,(anonymous_11)
FN:114,(anonymous_12)
FN:148,(anonymous_13)
FN:184,(anonymous_14)
FN:196,(anonymous_15)
FN:208,(anonymous_16)
FN:220,(anonymous_17)
FN:232,(anonymous_18)
FN:251,(anonymous_19)
FN:263,(anonymous_20)
FN:275,(anonymous_21)
FN:291,(anonymous_22)
FN:304,(anonymous_23)
FN:316,(anonymous_24)
FN:332,(anonymous_25)
FN:348,(anonymous_26)
FN:360,(anonymous_27)
FN:376,(anonymous_28)
FN:391,(anonymous_29)
FN:401,(anonymous_30)
FN:417,(anonymous_31)
FN:442,(anonymous_32)
FN:449,(anonymous_33)
FN:472,(anonymous_34)
FN:500,(anonymous_35)
FN:525,(anonymous_36)
FNF:36
FNH:2
FNDA:0,(anonymous_1)
FNDA:2,_interopRequireDefault
FNDA:0,(anonymous_3)
FNDA:0,getConfigForLoggerRecord
FNDA:1,(anonymous_5)
FNDA:0,(anonymous_6)
FNDA:0,(anonymous_7)
FNDA:0,(anonymous_8)
FNDA:0,(anonymous_9)
FNDA:0,(anonymous_10)
FNDA:0,(anonymous_11)
FNDA:0,(anonymous_12)
FNDA:0,(anonymous_13)
FNDA:0,(anonymous_14)
FNDA:0,(anonymous_15)
FNDA:0,(anonymous_16)
FNDA:0,(anonymous_17)
FNDA:0,(anonymous_18)
FNDA:0,(anonymous_19)
FNDA:0,(anonymous_20)
FNDA:0,(anonymous_21)
FNDA:0,(anonymous_22)
FNDA:0,(anonymous_23)
FNDA:0,(anonymous_24)
FNDA:0,(anonymous_25)
FNDA:0,(anonymous_26)
FNDA:0,(anonymous_27)
FNDA:0,(anonymous_28)
FNDA:0,(anonymous_29)
FNDA:0,(anonymous_30)
FNDA:0,(anonymous_31)
FNDA:0,(anonymous_32)
FNDA:0,(anonymous_33)
FNDA:0,(anonymous_34)
FNDA:0,(anonymous_35)
FNDA:0,(anonymous_36)
DA:3,1
DA:7,1
DA:9,1
DA:11,1
DA:13,1
DA:15,1
DA:17,2
DA:19,1
DA:20,1
DA:21,0
DA:26,1
DA:27,0
DA:43,1
DA:44,1
DA:49,0
DA:54,0
DA:65,0
DA:84,0
DA:85,0
DA:86,0
DA:95,0
DA:104,0
DA:115,0
DA:117,0
DA:118,0
DA:121,0
DA:122,0
DA:124,0
DA:129,0
DA:132,0
DA:133,0
DA:136,0
DA:149,0
DA:150,0
DA:152,0
DA:153,0
DA:154,0
DA:157,0
DA:168,0
DA:169,0
DA:172,0
DA:173,0
DA:185,0
DA:197,0
DA:209,0
DA:221,0
DA:233,0
DA:234,0
DA:236,0
DA:237,0
DA:238,0
DA:240,0
DA:252,0
DA:264,0
DA:278,0
DA:279,0
DA:292,0
DA:293,0
DA:305,0
DA:317,0
DA:333,0
DA:349,0
DA:361,0
DA:377,0
DA:392,0
DA:394,0
DA:395,0
DA:398,0
DA:402,0
DA:418,0
DA:419,0
DA:420,0
DA:421,0
DA:423,0
DA:425,0
DA:427,0
DA:428,0
DA:430,0
DA:431,0
DA:432,0
DA:435,0
DA:436,0
DA:443,0
DA:450,0
DA:473,0
DA:474,0
DA:476,0
DA:479,0
DA:501,0
DA:504,0
DA:526,0
DA:527,0
DA:528,0
DA:529,0
DA:530,0
DA:531,0
DA:534,0
DA:535,0
DA:536,0
DA:539,1
LF:100
LH:13
BRDA:7,1,0,1
BRDA:7,1,1,0
BRDA:7,2,0,0
BRDA:7,2,1,0
BRDA:17,3,0,0
BRDA:17,3,1,2
BRDA:17,4,0,2
BRDA:17,4,1,2
BRDA:19,5,0,1
BRDA:19,5,1,0
BRDA:121,6,0,0
BRDA:121,6,1,0
BRDA:122,7,0,0
BRDA:122,7,1,0
BRDA:132,8,0,0
BRDA:132,8,1,0
BRDA:149,9,0,0
BRDA:149,9,1,0
BRDA:149,10,0,0
BRDA:149,10,1,0
BRDA:150,11,0,0
BRDA:150,11,1,0
BRDA:150,12,0,0
BRDA:150,12,1,0
BRDA:152,13,0,0
BRDA:152,13,1,0
BRDA:153,14,0,0
BRDA:153,14,1,0
BRDA:163,15,0,0
BRDA:163,15,1,0
BRDA:168,16,0,0
BRDA:168,16,1,0
BRDA:233,17,0,0
BRDA:233,17,1,0
BRDA:233,18,0,0
BRDA:233,18,1,0
BRDA:236,19,0,0
BRDA:236,19,1,0
BRDA:392,20,0,0
BRDA:392,20,1,0
BRDA:392,21,0,0
BRDA:392,21,1,0
BRDA:394,22,0,0
BRDA:394,22,1,0
BRDA:418,23,0,0
BRDA:418,23,1,0
BRDA:418,24,0,0
BRDA:418,24,1,0
BRDA:420,25,0,0
BRDA:420,25,1,0
BRDA:420,26,0,0
BRDA:420,26,1,0
BRDA:427,27,0,0
BRDA:427,27,1,0
BRDA:430,28,0,0
BRDA:430,28,1,0
BRDA:432,29,0,0
BRDA:432,29,1,0
BRDA:473,30,0,0
BRDA:473,30,1,0
BRDA:473,31,0,0
BRDA:473,31,1,0
BRDA:526,32,0,0
BRDA:526,32,1,0
BRDA:529,33,0,0
BRDA:529,33,1,0
BRF:66
BRH:5
end_of_record
