TN:
SF:/home/ubuntu/nightingale-logger/lib/index.js
FN:11,(anonymous_1)
FN:25,_interopRequireDefault
FN:30,(anonymous_3)
FN:38,getConfigForLogger
FN:54,(anonymous_5)
FN:59,(anonymous_6)
FN:70,(anonymous_7)
FN:89,(anonymous_8)
FN:100,(anonymous_9)
FN:111,(anonymous_10)
FN:138,(anonymous_11)
FN:174,(anonymous_12)
FN:186,(anonymous_13)
FN:198,(anonymous_14)
FN:210,(anonymous_15)
FN:222,(anonymous_16)
FN:241,(anonymous_17)
FN:253,(anonymous_18)
FN:265,(anonymous_19)
FN:281,(anonymous_20)
FN:294,(anonymous_21)
FN:306,(anonymous_22)
FN:322,(anonymous_23)
FN:338,(anonymous_24)
FN:350,(anonymous_25)
FN:366,(anonymous_26)
FN:377,(anonymous_27)
FN:392,(anonymous_28)
FN:423,(anonymous_29)
FN:451,(anonymous_30)
FN:476,(anonymous_31)
FNF:31
FNH:2
FNDA:0,(anonymous_1)
FNDA:2,_interopRequireDefault
FNDA:0,(anonymous_3)
FNDA:0,getConfigForLogger
FNDA:1,(anonymous_5)
FNDA:0,(anonymous_6)
FNDA:0,(anonymous_7)
FNDA:0,(anonymous_8)
FNDA:0,(anonymous_9)
FNDA:0,(anonymous_10)
FNDA:0,(anonymous_11)
FNDA:0,(anonymous_12)
FNDA:0,(anonymous_13)
FNDA:0,(anonymous_14)
FNDA:0,(anonymous_15)
FNDA:0,(anonymous_16)
FNDA:0,(anonymous_17)
FNDA:0,(anonymous_18)
FNDA:0,(anonymous_19)
FNDA:0,(anonymous_20)
FNDA:0,(anonymous_21)
FNDA:0,(anonymous_22)
FNDA:0,(anonymous_23)
FNDA:0,(anonymous_24)
FNDA:0,(anonymous_25)
FNDA:0,(anonymous_26)
FNDA:0,(anonymous_27)
FNDA:0,(anonymous_28)
FNDA:0,(anonymous_29)
FNDA:0,(anonymous_30)
FNDA:0,(anonymous_31)
DA:3,1
DA:6,1
DA:8,1
DA:11,0
DA:13,1
DA:15,1
DA:17,1
DA:19,1
DA:25,2
DA:27,1
DA:28,1
DA:31,0
DA:38,1
DA:39,0
DA:46,1
DA:55,1
DA:56,1
DA:60,0
DA:71,0
DA:90,0
DA:91,0
DA:92,0
DA:101,0
DA:112,0
DA:114,0
DA:115,0
DA:117,0
DA:118,0
DA:119,0
DA:122,0
DA:123,0
DA:126,0
DA:139,0
DA:140,0
DA:142,0
DA:143,0
DA:144,0
DA:147,0
DA:158,0
DA:159,0
DA:162,0
DA:163,0
DA:175,0
DA:187,0
DA:199,0
DA:211,0
DA:223,0
DA:224,0
DA:226,0
DA:227,0
DA:228,0
DA:230,0
DA:242,0
DA:254,0
DA:268,0
DA:269,0
DA:282,0
DA:283,0
DA:295,0
DA:307,0
DA:323,0
DA:339,0
DA:351,0
DA:367,0
DA:378,0
DA:393,0
DA:394,0
DA:396,0
DA:398,0
DA:399,0
DA:400,0
DA:402,0
DA:403,0
DA:404,0
DA:424,0
DA:425,0
DA:427,0
DA:430,0
DA:452,0
DA:455,0
DA:477,0
DA:478,0
DA:479,0
DA:480,0
DA:481,0
DA:482,0
DA:485,0
DA:486,0
DA:487,0
DA:490,1
LF:90
LH:15
BRDA:8,1,0,1
BRDA:8,1,1,0
BRDA:11,2,0,0
BRDA:11,2,1,0
BRDA:25,3,0,0
BRDA:25,3,1,2
BRDA:25,4,0,2
BRDA:25,4,1,2
BRDA:27,5,0,1
BRDA:27,5,1,0
BRDA:118,6,0,0
BRDA:118,6,1,0
BRDA:122,7,0,0
BRDA:122,7,1,0
BRDA:139,8,0,0
BRDA:139,8,1,0
BRDA:139,9,0,0
BRDA:139,9,1,0
BRDA:140,10,0,0
BRDA:140,10,1,0
BRDA:140,11,0,0
BRDA:140,11,1,0
BRDA:142,12,0,0
BRDA:142,12,1,0
BRDA:143,13,0,0
BRDA:143,13,1,0
BRDA:153,14,0,0
BRDA:153,14,1,0
BRDA:158,15,0,0
BRDA:158,15,1,0
BRDA:223,16,0,0
BRDA:223,16,1,0
BRDA:223,17,0,0
BRDA:223,17,1,0
BRDA:226,18,0,0
BRDA:226,18,1,0
BRDA:393,19,0,0
BRDA:393,19,1,0
BRDA:393,20,0,0
BRDA:393,20,1,0
BRDA:399,21,0,0
BRDA:399,21,1,0
BRDA:402,22,0,0
BRDA:402,22,1,0
BRDA:424,23,0,0
BRDA:424,23,1,0
BRDA:424,24,0,0
BRDA:424,24,1,0
BRDA:477,25,0,0
BRDA:477,25,1,0
BRDA:480,26,0,0
BRDA:480,26,1,0
BRF:52
BRH:5
end_of_record
