TN:
SF:/home/ubuntu/nightingale-logger/index.js
FNF:0
FNH:0
DA:1,1
DA:2,1
DA:3,1
DA:4,0
LF:4
LH:3
BRDA:2,1,0,1
BRDA:2,1,1,0
BRDA:2,2,0,1
BRDA:2,2,1,1
BRDA:3,3,0,1
BRDA:3,3,1,0
BRDA:4,4,0,0
BRDA:4,4,1,0
BRF:8
BRH:4
end_of_record
TN:
SF:/home/ubuntu/nightingale-logger/lib-node6/index.js
FN:7,(anonymous_1)
FN:17,_interopRequireDefault
FN:20,(anonymous_3)
FN:26,getConfigForLogger
FN:42,(anonymous_5)
FN:47,(anonymous_6)
FN:58,(anonymous_7)
FN:77,(anonymous_8)
FN:88,(anonymous_9)
FN:97,(anonymous_10)
FN:108,(anonymous_11)
FN:142,(anonymous_12)
FN:178,(anonymous_13)
FN:190,(anonymous_14)
FN:202,(anonymous_15)
FN:214,(anonymous_16)
FN:226,(anonymous_17)
FN:245,(anonymous_18)
FN:257,(anonymous_19)
FN:269,(anonymous_20)
FN:285,(anonymous_21)
FN:298,(anonymous_22)
FN:310,(anonymous_23)
FN:326,(anonymous_24)
FN:342,(anonymous_25)
FN:354,(anonymous_26)
FN:370,(anonymous_27)
FN:385,(anonymous_28)
FN:395,(anonymous_29)
FN:411,(anonymous_30)
FN:436,(anonymous_31)
FN:443,(anonymous_32)
FN:466,(anonymous_33)
FN:494,(anonymous_34)
FN:519,(anonymous_35)
FNF:35
FNH:2
FNDA:0,(anonymous_1)
FNDA:2,_interopRequireDefault
FNDA:0,(anonymous_3)
FNDA:0,getConfigForLogger
FNDA:1,(anonymous_5)
FNDA:0,(anonymous_6)
FNDA:0,(anonymous_7)
FNDA:0,(anonymous_8)
FNDA:0,(anonymous_9)
FNDA:0,(anonymous_10)
FNDA:0,(anonymous_11)
FNDA:0,(anonymous_12)
FNDA:0,(anonymous_13)
FNDA:0,(anonymous_14)
FNDA:0,(anonymous_15)
FNDA:0,(anonymous_16)
FNDA:0,(anonymous_17)
FNDA:0,(anonymous_18)
FNDA:0,(anonymous_19)
FNDA:0,(anonymous_20)
FNDA:0,(anonymous_21)
FNDA:0,(anonymous_22)
FNDA:0,(anonymous_23)
FNDA:0,(anonymous_24)
FNDA:0,(anonymous_25)
FNDA:0,(anonymous_26)
FNDA:0,(anonymous_27)
FNDA:0,(anonymous_28)
FNDA:0,(anonymous_29)
FNDA:0,(anonymous_30)
FNDA:0,(anonymous_31)
FNDA:0,(anonymous_32)
FNDA:0,(anonymous_33)
FNDA:0,(anonymous_34)
FNDA:0,(anonymous_35)
DA:3,1
DA:7,1
DA:9,1
DA:11,1
DA:13,1
DA:15,1
DA:17,2
DA:19,1
DA:20,1
DA:21,0
DA:26,1
DA:27,0
DA:43,1
DA:44,1
DA:48,0
DA:59,0
DA:78,0
DA:79,0
DA:80,0
DA:89,0
DA:98,0
DA:109,0
DA:111,0
DA:112,0
DA:114,0
DA:115,0
DA:116,0
DA:118,0
DA:123,0
DA:126,0
DA:127,0
DA:130,0
DA:143,0
DA:144,0
DA:146,0
DA:147,0
DA:148,0
DA:151,0
DA:162,0
DA:163,0
DA:166,0
DA:167,0
DA:179,0
DA:191,0
DA:203,0
DA:215,0
DA:227,0
DA:228,0
DA:230,0
DA:231,0
DA:232,0
DA:234,0
DA:246,0
DA:258,0
DA:272,0
DA:273,0
DA:286,0
DA:287,0
DA:299,0
DA:311,0
DA:327,0
DA:343,0
DA:355,0
DA:371,0
DA:386,0
DA:388,0
DA:389,0
DA:392,0
DA:396,0
DA:412,0
DA:413,0
DA:414,0
DA:415,0
DA:417,0
DA:419,0
DA:421,0
DA:422,0
DA:424,0
DA:425,0
DA:426,0
DA:429,0
DA:430,0
DA:437,0
DA:444,0
DA:467,0
DA:468,0
DA:470,0
DA:473,0
DA:495,0
DA:498,0
DA:520,0
DA:521,0
DA:522,0
DA:523,0
DA:524,0
DA:525,0
DA:528,0
DA:529,0
DA:530,0
DA:533,1
LF:100
LH:13
BRDA:7,1,0,1
BRDA:7,1,1,0
BRDA:7,2,0,0
BRDA:7,2,1,0
BRDA:17,3,0,0
BRDA:17,3,1,2
BRDA:17,4,0,2
BRDA:17,4,1,2
BRDA:19,5,0,1
BRDA:19,5,1,0
BRDA:115,6,0,0
BRDA:115,6,1,0
BRDA:116,7,0,0
BRDA:116,7,1,0
BRDA:126,8,0,0
BRDA:126,8,1,0
BRDA:143,9,0,0
BRDA:143,9,1,0
BRDA:143,10,0,0
BRDA:143,10,1,0
BRDA:144,11,0,0
BRDA:144,11,1,0
BRDA:144,12,0,0
BRDA:144,12,1,0
BRDA:146,13,0,0
BRDA:146,13,1,0
BRDA:147,14,0,0
BRDA:147,14,1,0
BRDA:157,15,0,0
BRDA:157,15,1,0
BRDA:162,16,0,0
BRDA:162,16,1,0
BRDA:227,17,0,0
BRDA:227,17,1,0
BRDA:227,18,0,0
BRDA:227,18,1,0
BRDA:230,19,0,0
BRDA:230,19,1,0
BRDA:386,20,0,0
BRDA:386,20,1,0
BRDA:386,21,0,0
BRDA:386,21,1,0
BRDA:388,22,0,0
BRDA:388,22,1,0
BRDA:412,23,0,0
BRDA:412,23,1,0
BRDA:412,24,0,0
BRDA:412,24,1,0
BRDA:414,25,0,0
BRDA:414,25,1,0
BRDA:414,26,0,0
BRDA:414,26,1,0
BRDA:421,27,0,0
BRDA:421,27,1,0
BRDA:424,28,0,0
BRDA:424,28,1,0
BRDA:426,29,0,0
BRDA:426,29,1,0
BRDA:467,30,0,0
BRDA:467,30,1,0
BRDA:467,31,0,0
BRDA:467,31,1,0
BRDA:520,32,0,0
BRDA:520,32,1,0
BRDA:523,33,0,0
BRDA:523,33,1,0
BRF:66
BRH:5
end_of_record
